<?xml version="1.0" encoding="UTF-8"?>
<!-- Generated by org.testng.reporters.JUnitXMLReporter -->
<testsuite ignored="0" hostname="HashStudiozs-MacBook-Pro.local" failures="0" tests="2" name="Parameterization2" time="0.093" errors="0" timestamp="05 Nov 2021 14:01:50 GMT">
  <testcase classname="com.testNg.concepts.Tutorial_8_TestNg_Parameterization" name="@BeforeClass setup" time="0.069">
    <failure type="org.openqa.selenium.SessionNotCreatedException" message="session not created: No matching capabilities found
Build info: version: &amp;apos;3.141.59&amp;apos;, revision: &amp;apos;e82be7d358&amp;apos;, time: &amp;apos;2018-11-14T08:17:03&amp;apos;
System info: host: &amp;apos;HashStudiozs-MacBook-Pro.local&amp;apos;, ip: &amp;apos;192.168.0.194&amp;apos;, os.name: &amp;apos;Mac OS X&amp;apos;, os.arch: &amp;apos;x86_64&amp;apos;, os.version: &amp;apos;10.15.7&amp;apos;, java.version: &amp;apos;16.0.2&amp;apos;
Driver info: driver.version: FirefoxDriver
remote stacktrace: 0   chromedriver                        0x0000000105b1abb9 chromedriver + 2747321
1   chromedriver                        0x00000001061d0e03 chromedriver + 9784835
2   chromedriver                        0x00000001058a7118 chromedriver + 176408
3   chromedriver                        0x00000001058fdab1 chromedriver + 531121
4   chromedriver                        0x00000001058fcf5d chromedriver + 528221
5   chromedriver                        0x00000001058fe678 chromedriver + 534136
6   chromedriver                        0x00000001058f8ac3 chromedriver + 510659
7   chromedriver                        0x00000001058cf40e chromedriver + 341006
8   chromedriver                        0x00000001058d0735 chromedriver + 345909
9   chromedriver                        0x0000000105ae15df chromedriver + 2512351
10  chromedriver                        0x0000000105af426f chromedriver + 2589295
11  chromedriver                        0x0000000105ac5cbb chromedriver + 2399419
12  chromedriver                        0x0000000105af56ea chromedriver + 2594538
13  chromedriver                        0x0000000105ad6c8c chromedriver + 2469004
14  chromedriver                        0x0000000105b0ef58 chromedriver + 2699096
15  chromedriver                        0x0000000105b0f0e1 chromedriver + 2699489
16  chromedriver                        0x0000000105b1fbc8 chromedriver + 2767816
17  libsystem_pthread.dylib             0x00007fff67839109 _pthread_start + 148
18  libsystem_pthread.dylib             0x00007fff67834b8b thread_start + 15
">
      <![CDATA[org.openqa.selenium.SessionNotCreatedException: session not created: No matching capabilities found
Build info: version: '3.141.59', revision: 'e82be7d358', time: '2018-11-14T08:17:03'
System info: host: 'HashStudiozs-MacBook-Pro.local', ip: '192.168.0.194', os.name: 'Mac OS X', os.arch: 'x86_64', os.version: '10.15.7', java.version: '16.0.2'
Driver info: driver.version: FirefoxDriver
remote stacktrace: 0   chromedriver                        0x0000000105b1abb9 chromedriver + 2747321
1   chromedriver                        0x00000001061d0e03 chromedriver + 9784835
2   chromedriver                        0x00000001058a7118 chromedriver + 176408
3   chromedriver                        0x00000001058fdab1 chromedriver + 531121
4   chromedriver                        0x00000001058fcf5d chromedriver + 528221
5   chromedriver                        0x00000001058fe678 chromedriver + 534136
6   chromedriver                        0x00000001058f8ac3 chromedriver + 510659
7   chromedriver                        0x00000001058cf40e chromedriver + 341006
8   chromedriver                        0x00000001058d0735 chromedriver + 345909
9   chromedriver                        0x0000000105ae15df chromedriver + 2512351
10  chromedriver                        0x0000000105af426f chromedriver + 2589295
11  chromedriver                        0x0000000105ac5cbb chromedriver + 2399419
12  chromedriver                        0x0000000105af56ea chromedriver + 2594538
13  chromedriver                        0x0000000105ad6c8c chromedriver + 2469004
14  chromedriver                        0x0000000105b0ef58 chromedriver + 2699096
15  chromedriver                        0x0000000105b0f0e1 chromedriver + 2699489
16  chromedriver                        0x0000000105b1fbc8 chromedriver + 2767816
17  libsystem_pthread.dylib             0x00007fff67839109 _pthread_start + 148
18  libsystem_pthread.dylib             0x00007fff67834b8b thread_start + 15

at org.openqa.selenium.remote.W3CHandshakeResponse.lambda$errorHandler$0(W3CHandshakeResponse.java:62)
at org.openqa.selenium.remote.HandshakeResponse.lambda$getResponseFunction$0(HandshakeResponse.java:30)
at org.openqa.selenium.remote.ProtocolHandshake.lambda$createSession$0(ProtocolHandshake.java:126)
at java.base/java.util.stream.ReferencePipeline$3$1.accept(ReferencePipeline.java:197)
at java.base/java.util.Spliterators$ArraySpliterator.tryAdvance(Spliterators.java:958)
at java.base/java.util.stream.ReferencePipeline.forEachWithCancel(ReferencePipeline.java:129)
at java.base/java.util.stream.AbstractPipeline.copyIntoWithCancel(AbstractPipeline.java:502)
at java.base/java.util.stream.AbstractPipeline.copyInto(AbstractPipeline.java:488)
at java.base/java.util.stream.AbstractPipeline.wrapAndCopyInto(AbstractPipeline.java:474)
at java.base/java.util.stream.FindOps$FindOp.evaluateSequential(FindOps.java:150)
at java.base/java.util.stream.AbstractPipeline.evaluate(AbstractPipeline.java:234)
at java.base/java.util.stream.ReferencePipeline.findFirst(ReferencePipeline.java:647)
at org.openqa.selenium.remote.ProtocolHandshake.createSession(ProtocolHandshake.java:128)
at org.openqa.selenium.remote.ProtocolHandshake.createSession(ProtocolHandshake.java:74)
at org.openqa.selenium.remote.HttpCommandExecutor.execute(HttpCommandExecutor.java:136)
at org.openqa.selenium.remote.service.DriverCommandExecutor.execute(DriverCommandExecutor.java:83)
at org.openqa.selenium.remote.RemoteWebDriver.execute(RemoteWebDriver.java:552)
at org.openqa.selenium.remote.RemoteWebDriver.startSession(RemoteWebDriver.java:213)
at org.openqa.selenium.remote.RemoteWebDriver.<init>(RemoteWebDriver.java:131)
at org.openqa.selenium.firefox.FirefoxDriver.<init>(FirefoxDriver.java:147)
at org.openqa.selenium.firefox.FirefoxDriver.<init>(FirefoxDriver.java:125)
at com.testNg.concepts.Tutorial_8_TestNg_Parameterization.setup(Tutorial_8_TestNg_Parameterization.java:30)
... Removed 31 stack frames]]>
    </failure>
  </testcase> <!-- @BeforeClass setup -->
  <testcase classname="com.testNg.concepts.Tutorial_8_TestNg_Parameterization" name="@AfterClass teardown" time="0.0">
    <skipped/>
  </testcase> <!-- @AfterClass teardown -->
  <testcase classname="com.testNg.concepts.Tutorial_8_TestNg_Parameterization" name="homePageTitle" time="0.0">
    <skipped/>
  </testcase> <!-- homePageTitle -->
  <testcase classname="com.testNg.concepts.Tutorial_8_TestNg_Parameterization" name="logoTest" time="0.0">
    <skipped/>
  </testcase> <!-- logoTest -->
</testsuite> <!-- Parameterization2 -->
